2020/02/06 01:32:42 - tr-test-execute-query - Using run configuration [Pentaho local]
2020/02/06 01:32:42 - tr-test-execute-query - Using legacy execution engine
2020/02/06 01:32:42 - tr-query-local-db - Dispatching started for transformation [tr-query-local-db]
2020/02/06 01:32:42 - ti-checking-run-status.0 - Finished reading query, closing connection.
2020/02/06 01:32:42 - ti-checking-run-status.0 - Finished processing (I=11, O=0, R=0, W=11, U=0, E=0)
2020/02/06 01:32:42 - crts-result.0 - Finished processing (I=0, O=0, R=11, W=11, U=0, E=0)
2020/02/06 01:32:42 - wtl-result.0 - 
2020/02/06 01:32:42 - wtl-result.0 - ------------> Linenr 1------------------------------
2020/02/06 01:32:42 - wtl-result.0 - Tables_in_expenses = DATABASECHANGELOG
2020/02/06 01:32:42 - wtl-result.0 - 
2020/02/06 01:32:42 - wtl-result.0 - ====================
2020/02/06 01:32:42 - wtl-result.0 - 
2020/02/06 01:32:42 - wtl-result.0 - ------------> Linenr 2------------------------------
2020/02/06 01:32:42 - wtl-result.0 - Tables_in_expenses = DATABASECHANGELOGLOCK
2020/02/06 01:32:42 - wtl-result.0 - 
2020/02/06 01:32:42 - wtl-result.0 - ====================
2020/02/06 01:32:42 - wtl-result.0 - 
2020/02/06 01:32:42 - wtl-result.0 - ------------> Linenr 3------------------------------
2020/02/06 01:32:42 - wtl-result.0 - Tables_in_expenses = expenses
2020/02/06 01:32:42 - wtl-result.0 - 
2020/02/06 01:32:42 - wtl-result.0 - ====================
2020/02/06 01:32:42 - wtl-result.0 - 
2020/02/06 01:32:42 - wtl-result.0 - ------------> Linenr 4------------------------------
2020/02/06 01:32:42 - wtl-result.0 - Tables_in_expenses = jhi_authority
2020/02/06 01:32:42 - wtl-result.0 - 
2020/02/06 01:32:42 - wtl-result.0 - ====================
2020/02/06 01:32:42 - wtl-result.0 - 
2020/02/06 01:32:42 - wtl-result.0 - ------------> Linenr 5------------------------------
2020/02/06 01:32:42 - wtl-result.0 - Tables_in_expenses = jhi_persistent_audit_event
2020/02/06 01:32:42 - wtl-result.0 - 
2020/02/06 01:32:42 - wtl-result.0 - ====================
2020/02/06 01:32:42 - wtl-result.0 - 
2020/02/06 01:32:42 - wtl-result.0 - ------------> Linenr 6------------------------------
2020/02/06 01:32:42 - wtl-result.0 - Tables_in_expenses = jhi_persistent_audit_evt_data
2020/02/06 01:32:42 - wtl-result.0 - 
2020/02/06 01:32:42 - wtl-result.0 - ====================
2020/02/06 01:32:42 - wtl-result.0 - 
2020/02/06 01:32:42 - wtl-result.0 - ------------> Linenr 7------------------------------
2020/02/06 01:32:42 - wtl-result.0 - Tables_in_expenses = jhi_persistent_token
2020/02/06 01:32:42 - wtl-result.0 - 
2020/02/06 01:32:42 - wtl-result.0 - ====================
2020/02/06 01:32:42 - wtl-result.0 - 
2020/02/06 01:32:42 - wtl-result.0 - ------------> Linenr 8------------------------------
2020/02/06 01:32:42 - wtl-result.0 - Tables_in_expenses = jhi_user
2020/02/06 01:32:42 - wtl-result.0 - 
2020/02/06 01:32:42 - wtl-result.0 - ====================
2020/02/06 01:32:42 - wtl-result.0 - 
2020/02/06 01:32:42 - wtl-result.0 - ------------> Linenr 9------------------------------
2020/02/06 01:32:42 - wtl-result.0 - Tables_in_expenses = jhi_user_authority
2020/02/06 01:32:42 - wtl-result.0 - 
2020/02/06 01:32:42 - wtl-result.0 - ====================
2020/02/06 01:32:42 - wtl-result.0 - 
2020/02/06 01:32:42 - wtl-result.0 - ------------> Linenr 10------------------------------
2020/02/06 01:32:42 - wtl-result.0 - Tables_in_expenses = natwest
2020/02/06 01:32:42 - wtl-result.0 - 
2020/02/06 01:32:42 - wtl-result.0 - ====================
2020/02/06 01:32:42 - wtl-result.0 - 
2020/02/06 01:32:42 - wtl-result.0 - ------------> Linenr 11------------------------------
2020/02/06 01:32:42 - wtl-result.0 - Tables_in_expenses = sladestores
2020/02/06 01:32:42 - wtl-result.0 - 
2020/02/06 01:32:42 - wtl-result.0 - ====================
2020/02/06 01:32:42 - wtl-result.0 - Finished processing (I=0, O=0, R=11, W=11, U=0, E=0)
